<?xml version="1.0" encoding="UTF-8"?>
<!-- Generated by org.testng.reporters.JUnitReportReporter -->
<testsuite hostname="DESKTOP-VD4OOGI" failures="0" tests="1" name="Programs.Alphabet_patterns" time="0.006" errors="0" timestamp="2023-10-15T19:18:12 IST" skipped="0">
  <testcase classname="Programs.Alphabet_patterns" name="pattern21" time="0.006"/>
  <system-out/>
</testsuite> <!-- Programs.Alphabet_patterns -->
