<?xml version="1.0" encoding="UTF-8"?>
<!-- Generated by org.testng.reporters.JUnitReportReporter -->
<testsuite hostname="DESKTOP-VD4OOGI" failures="0" tests="1" name="Programs.NumMINMax" time="0.006" errors="0" timestamp="2023-10-20T11:11:20 IST" skipped="0">
  <testcase classname="Programs.NumMINMax" name="find1stand2ndMINnorWIthoutBubbleBsort" time="0.006"/>
  <system-out/>
</testsuite> <!-- Programs.NumMINMax -->
