<?xml version="1.0" encoding="UTF-8"?>
<!-- Generated by org.testng.reporters.JUnitReportReporter -->
<testsuite hostname="DESKTOP-VD4OOGI" failures="0" tests="1" name="Programs.ArrayPrgm" time="0.006" errors="0" timestamp="2023-10-27T16:54:02 IST" skipped="0">
  <testcase classname="Programs.ArrayPrgm" name="appending0AtLast" time="0.006"/>
  <system-out/>
</testsuite> <!-- Programs.ArrayPrgm -->
