<?xml version="1.0" encoding="UTF-8"?>
<!-- Generated by org.testng.reporters.JUnitReportReporter -->
<testsuite hostname="DESKTOP-VD4OOGI" failures="0" tests="1" name="Programs.SirPgrms" time="0.009" errors="0" timestamp="2023-10-25T23:47:54 IST" skipped="0">
  <testcase classname="Programs.SirPgrms" name="case2" time="0.009"/>
  <system-out/>
</testsuite> <!-- Programs.SirPgrms -->
