<?xml version="1.0" encoding="UTF-8"?>
<!-- Generated by org.testng.reporters.JUnitReportReporter -->
<testsuite hostname="DESKTOP-VD4OOGI" failures="0" tests="1" name="Programs.StringButOtherPrograms" time="0.006" errors="0" timestamp="2023-10-19T14:05:05 IST" skipped="0">
  <testcase classname="Programs.StringButOtherPrograms" name="printMINIMUMLengthValuesInString" time="0.006"/>
  <system-out/>
</testsuite> <!-- Programs.StringButOtherPrograms -->
