<?xml version="1.0" encoding="UTF-8"?>
<!-- Generated by org.testng.reporters.JUnitReportReporter -->
<testsuite hostname="DESKTOP-VD4OOGI" failures="0" tests="1" name="Programs.Interview_programs" time="0.032" errors="0" timestamp="2023-10-29T10:59:34 IST" skipped="0">
  <testcase classname="Programs.Interview_programs" name="getString" time="0.032"/>
  <system-out/>
</testsuite> <!-- Programs.Interview_programs -->
