<?xml version="1.0" encoding="UTF-8"?>
<!-- Generated by org.testng.reporters.JUnitReportReporter -->
<testsuite hostname="DESKTOP-VD4OOGI" failures="0" tests="1" name="Programs.NUmbers" time="0.006" errors="0" timestamp="2023-10-15T23:21:55 IST" skipped="0">
  <testcase classname="Programs.NUmbers" name="printNosIntheGivenFormat" time="0.006"/>
  <system-out/>
</testsuite> <!-- Programs.NUmbers -->
