<?xml version="1.0" encoding="UTF-8"?>
<!-- Generated by org.testng.reporters.JUnitReportReporter -->
<testsuite hostname="DESKTOP-VD4OOGI" failures="0" tests="1" name="Programs.Patterns" time="0.006" errors="0" timestamp="2023-09-15T17:15:11 IST" skipped="0">
  <testcase classname="Programs.Patterns" name="Pattern71" time="0.006"/>
  <system-out/>
</testsuite> <!-- Programs.Patterns -->
