<?xml version="1.0" encoding="UTF-8"?>
<!-- Generated by org.testng.reporters.JUnitReportReporter -->
<testsuite hostname="DESKTOP-VD4OOGI" failures="0" tests="1" name="Programs.practice" time="0.005" errors="0" timestamp="2023-10-20T11:15:52 IST" skipped="0">
  <testcase classname="Programs.practice" name="stringPattern" time="0.005"/>
  <system-out/>
</testsuite> <!-- Programs.practice -->
